Using pre-set license
Built from '2020.3/release' branch; Version is '2020.3.7f1 (dd97f2c94397) revision 14522354'; Using compiler version '192528614'; Build Type 'Release'
OS: 'Windows 10 Enterprise; OS build 19041.1415; Version 2004; 64bit' Language: 'en' Physical Memory: 32683 MB
BatchMode: 1, IsHumanControllingUs: 0, StartBugReporterOnCrash: 0, Is64bit: 1, IsPro: 0

 COMMAND LINE ARGUMENTS:
C:\Program Files\Unity\Editor\Unity.exe
-adb2
-batchMode
-noUpm
-name
AssetImportWorker0
-projectPath
C:/Users/anryan/Documents/GitHub/Aleesha_GAD170_1
-logFile
Logs/AssetImportWorker0.log
-srvPort
57713
Successfully changed project path to: C:/Users/anryan/Documents/GitHub/Aleesha_GAD170_1
C:/Users/anryan/Documents/GitHub/Aleesha_GAD170_1
Using Asset Import Pipeline V2.
Refreshing native plugins compatible for Editor in 30.36 ms, found 2 plugins.
Preloading 0 native plugins for Editor in 0.00 ms.
Initialize engine version: 2020.3.7f1 (dd97f2c94397)
[Subsystems] Discovering subsystems at path C:/Program Files/Unity/Editor/Data/Resources/UnitySubsystems
[Subsystems] Discovering subsystems at path C:/Users/anryan/Documents/GitHub/Aleesha_GAD170_1/Assets
GfxDevice: creating device client; threaded=0
Direct3D:
    Version:  Direct3D 11.0 [level 11.1]
    Renderer: NVIDIA GeForce GTX 980 (ID=0x13c0)
    Vendor:   
    VRAM:     4053 MB
    Driver:   27.21.14.5671
Initialize mono
Mono path[0] = 'C:/Program Files/Unity/Editor/Data/Managed'
Mono path[1] = 'C:/Program Files/Unity/Editor/Data/MonoBleedingEdge/lib/mono/unityjit'
Mono config path = 'C:/Program Files/Unity/Editor/Data/MonoBleedingEdge/etc'
Using monoOptions --debugger-agent=transport=dt_socket,embedding=1,server=y,suspend=n,address=127.0.0.1:56212
Begin MonoManager ReloadAssembly
Registering precompiled unity dll's ...
Register platform support module: C:/Program Files/Unity/Editor/Data/PlaybackEngines/WindowsStandaloneSupport/UnityEditor.WindowsStandalone.Extensions.dll
Registered in 0.002229 seconds.
Native extension for WindowsStandalone target not found
Refreshing native plugins compatible for Editor in 27.69 ms, found 2 plugins.
Preloading 0 native plugins for Editor in 0.00 ms.
Mono: successfully reloaded assembly
- Completed reload, in  1.213 seconds
Platform modules already initialized, skipping
Registering precompiled user dll's ...
Registered in 0.009006 seconds.
Begin MonoManager ReloadAssembly
Native extension for WindowsStandalone target not found
Refreshing native plugins compatible for Editor in 0.31 ms, found 2 plugins.
Preloading 0 native plugins for Editor in 0.00 ms.
Mono: successfully reloaded assembly
- Completed reload, in  1.036 seconds
Platform modules already initialized, skipping
========================================================================
Worker process is ready to serve import requests
Launched and connected shader compiler UnityShaderCompiler.exe after 0.08 seconds
Refreshing native plugins compatible for Editor in 0.33 ms, found 2 plugins.
Preloading 0 native plugins for Editor in 0.00 ms.
Unloading 1504 Unused Serialized files (Serialized files now loaded: 0)
System memory in use before: 67.4 MB.
System memory in use after: 67.5 MB.

Unloading 19 unused Assets to reduce memory usage. Loaded Objects now: 1936.
Total: 2.076900 ms (FindLiveObjects: 0.148000 ms CreateObjectMapping: 0.051700 ms MarkObjects: 1.780800 ms  DeleteObjects: 0.095700 ms)

========================================================================
Received Import Request.
  path: Assets/test.cs
  artifactKey: Guid(88744ebc28a0267419550b69dd398771) Importer(815301076,1909f56bfc062723c751e8b465ee728b)
Start importing Assets/test.cs using Guid(88744ebc28a0267419550b69dd398771) Importer(815301076,1909f56bfc062723c751e8b465ee728b)  -> (artifact id: 'ad9ed0e7bf5246383a2881ba29209ccb') in 0.044007 seconds
  Import took 0.046891 seconds .

========================================================================
Received Prepare
Registering precompiled user dll's ...
Registered in 0.008916 seconds.
Begin MonoManager ReloadAssembly
Native extension for WindowsStandalone target not found
Refreshing native plugins compatible for Editor in 0.30 ms, found 2 plugins.
Preloading 0 native plugins for Editor in 0.00 ms.
Mono: successfully reloaded assembly
- Completed reload, in  0.927 seconds
Platform modules already initialized, skipping
Refreshing native plugins compatible for Editor in 0.36 ms, found 2 plugins.
Preloading 0 native plugins for Editor in 0.00 ms.
Unloading 1499 Unused Serialized files (Serialized files now loaded: 0)
System memory in use before: 67.4 MB.
System memory in use after: 67.5 MB.

Unloading 14 unused Assets to reduce memory usage. Loaded Objects now: 1939.
Total: 2.013700 ms (FindLiveObjects: 0.189700 ms CreateObjectMapping: 0.049800 ms MarkObjects: 1.758700 ms  DeleteObjects: 0.014600 ms)

========================================================================
Received Import Request.
  Time since last request: 14.034596 seconds.
  path: Assets/NewBehaviourScript.cs
  artifactKey: Guid(d841d358b8fdf334b980cfb99ea9f065) Importer(815301076,1909f56bfc062723c751e8b465ee728b)
Start importing Assets/NewBehaviourScript.cs using Guid(d841d358b8fdf334b980cfb99ea9f065) Importer(815301076,1909f56bfc062723c751e8b465ee728b)  -> (artifact id: '7e843830ad43e93c12eae9cfa12a28d9') in 0.004514 seconds
  Import took 0.006626 seconds .

========================================================================
Received Import Request.
  Time since last request: 9.438556 seconds.
  path: Assets/RacingScript.cs
  artifactKey: Guid(d841d358b8fdf334b980cfb99ea9f065) Importer(815301076,1909f56bfc062723c751e8b465ee728b)
Start importing Assets/RacingScript.cs using Guid(d841d358b8fdf334b980cfb99ea9f065) Importer(815301076,1909f56bfc062723c751e8b465ee728b)  -> (artifact id: '15a6f9eff8c2d67da0cf36901ef2f1b0') in 0.002841 seconds
  Import took 0.005644 seconds .

========================================================================
Received Import Request.
  Time since last request: 0.001153 seconds.
  path: Assets/RacingScript.cs
  artifactKey: Guid(d841d358b8fdf334b980cfb99ea9f065) Importer(815301076,1909f56bfc062723c751e8b465ee728b)
Start importing Assets/RacingScript.cs using Guid(d841d358b8fdf334b980cfb99ea9f065) Importer(815301076,1909f56bfc062723c751e8b465ee728b)  -> (artifact id: '15a6f9eff8c2d67da0cf36901ef2f1b0') in 0.002649 seconds
  Import took 0.005563 seconds .

========================================================================
Received Prepare
Registering precompiled user dll's ...
Registered in 0.009430 seconds.
Begin MonoManager ReloadAssembly
Native extension for WindowsStandalone target not found
Refreshing native plugins compatible for Editor in 0.34 ms, found 2 plugins.
Preloading 0 native plugins for Editor in 0.00 ms.
Mono: successfully reloaded assembly
- Completed reload, in  1.026 seconds
Platform modules already initialized, skipping
Refreshing native plugins compatible for Editor in 0.33 ms, found 2 plugins.
Preloading 0 native plugins for Editor in 0.00 ms.
Unloading 1499 Unused Serialized files (Serialized files now loaded: 0)
System memory in use before: 67.4 MB.
System memory in use after: 67.5 MB.

Unloading 14 unused Assets to reduce memory usage. Loaded Objects now: 1941.
Total: 2.267600 ms (FindLiveObjects: 0.225400 ms CreateObjectMapping: 0.054200 ms MarkObjects: 1.944700 ms  DeleteObjects: 0.042000 ms)

========================================================================
Received Prepare
Registering precompiled user dll's ...
Registered in 0.009510 seconds.
Begin MonoManager ReloadAssembly
Native extension for WindowsStandalone target not found
Refreshing native plugins compatible for Editor in 0.34 ms, found 2 plugins.
Preloading 0 native plugins for Editor in 0.00 ms.
Mono: successfully reloaded assembly
- Completed reload, in  0.938 seconds
Platform modules already initialized, skipping
Refreshing native plugins compatible for Editor in 0.35 ms, found 2 plugins.
Preloading 0 native plugins for Editor in 0.00 ms.
Unloading 1498 Unused Serialized files (Serialized files now loaded: 0)
System memory in use before: 67.3 MB.
System memory in use after: 67.4 MB.

Unloading 15 unused Assets to reduce memory usage. Loaded Objects now: 1942.
Total: 2.039300 ms (FindLiveObjects: 0.147800 ms CreateObjectMapping: 0.048400 ms MarkObjects: 1.798300 ms  DeleteObjects: 0.043800 ms)

========================================================================
Received Import Request.
  Time since last request: 72.985927 seconds.
  path: Assets/RacingScript.cs
  artifactKey: Guid(88744ebc28a0267419550b69dd398771) Importer(815301076,1909f56bfc062723c751e8b465ee728b)
Start importing Assets/RacingScript.cs using Guid(88744ebc28a0267419550b69dd398771) Importer(815301076,1909f56bfc062723c751e8b465ee728b)  -> (artifact id: 'ba19509013619df42630f544a992fc37') in 0.006138 seconds
  Import took 0.008755 seconds .

========================================================================
Received Prepare
Registering precompiled user dll's ...
Registered in 0.010500 seconds.
Begin MonoManager ReloadAssembly
Native extension for WindowsStandalone target not found
Refreshing native plugins compatible for Editor in 0.46 ms, found 2 plugins.
Preloading 0 native plugins for Editor in 0.00 ms.
Mono: successfully reloaded assembly
- Completed reload, in  0.987 seconds
Platform modules already initialized, skipping
Refreshing native plugins compatible for Editor in 0.33 ms, found 2 plugins.
Preloading 0 native plugins for Editor in 0.00 ms.
Unloading 1498 Unused Serialized files (Serialized files now loaded: 0)
System memory in use before: 67.4 MB.
System memory in use after: 67.5 MB.

Unloading 14 unused Assets to reduce memory usage. Loaded Objects now: 1944.
Total: 2.167400 ms (FindLiveObjects: 0.284700 ms CreateObjectMapping: 0.083000 ms MarkObjects: 1.777600 ms  DeleteObjects: 0.020400 ms)

========================================================================
Received Import Request.
  Time since last request: 41.228494 seconds.
  path: Assets
  artifactKey: Guid(00000000000000001000000000000000) Importer(815301076,1909f56bfc062723c751e8b465ee728b)
Start importing Assets using Guid(00000000000000001000000000000000) Importer(815301076,1909f56bfc062723c751e8b465ee728b)  -> (artifact id: '5f6a1853b736837ecfb0820a881449cb') in 0.009531 seconds
  Import took 0.013560 seconds .

========================================================================
Received Prepare
Registering precompiled user dll's ...
Registered in 0.009559 seconds.
Begin MonoManager ReloadAssembly
Native extension for WindowsStandalone target not found
Refreshing native plugins compatible for Editor in 0.31 ms, found 2 plugins.
Preloading 0 native plugins for Editor in 0.00 ms.
Mono: successfully reloaded assembly
- Completed reload, in  0.910 seconds
Platform modules already initialized, skipping
Refreshing native plugins compatible for Editor in 0.35 ms, found 2 plugins.
Preloading 0 native plugins for Editor in 0.00 ms.
Unloading 1498 Unused Serialized files (Serialized files now loaded: 0)
System memory in use before: 67.4 MB.
System memory in use after: 67.5 MB.

Unloading 14 unused Assets to reduce memory usage. Loaded Objects now: 1946.
Total: 2.104700 ms (FindLiveObjects: 0.179800 ms CreateObjectMapping: 0.044300 ms MarkObjects: 1.835500 ms  DeleteObjects: 0.044400 ms)

========================================================================
Received Prepare
Registering precompiled user dll's ...
Registered in 0.009732 seconds.
Begin MonoManager ReloadAssembly
Native extension for WindowsStandalone target not found
Refreshing native plugins compatible for Editor in 0.31 ms, found 2 plugins.
Preloading 0 native plugins for Editor in 0.00 ms.
Mono: successfully reloaded assembly
- Completed reload, in  0.978 seconds
Platform modules already initialized, skipping
Refreshing native plugins compatible for Editor in 0.32 ms, found 2 plugins.
Preloading 0 native plugins for Editor in 0.00 ms.
Unloading 1499 Unused Serialized files (Serialized files now loaded: 0)
System memory in use before: 67.4 MB.
System memory in use after: 67.5 MB.

Unloading 14 unused Assets to reduce memory usage. Loaded Objects now: 1949.
Total: 2.399100 ms (FindLiveObjects: 0.324600 ms CreateObjectMapping: 0.138100 ms MarkObjects: 1.919900 ms  DeleteObjects: 0.015400 ms)

========================================================================
Received Import Request.
  Time since last request: 26.193993 seconds.
  path: Assets/C.cs
  artifactKey: Guid(01c06efbcad543c44b5902deb4c606d5) Importer(815301076,1909f56bfc062723c751e8b465ee728b)
Start importing Assets/C.cs using Guid(01c06efbcad543c44b5902deb4c606d5) Importer(815301076,1909f56bfc062723c751e8b465ee728b)  -> (artifact id: 'b91b7439e8a4351bde2923e8100f78c4') in 0.005525 seconds
  Import took 0.008065 seconds .

========================================================================
Received Import Request.
  Time since last request: 6.217266 seconds.
  path: Assets/RacingScript.cs
  artifactKey: Guid(01c06efbcad543c44b5902deb4c606d5) Importer(815301076,1909f56bfc062723c751e8b465ee728b)
Start importing Assets/RacingScript.cs using Guid(01c06efbcad543c44b5902deb4c606d5) Importer(815301076,1909f56bfc062723c751e8b465ee728b)  -> (artifact id: '5b3e773149af4f053f67d511675a7bba') in 0.003484 seconds
  Import took 0.006713 seconds .

========================================================================
Received Import Request.
  Time since last request: 0.001128 seconds.
  path: Assets/RacingScript.cs
  artifactKey: Guid(01c06efbcad543c44b5902deb4c606d5) Importer(815301076,1909f56bfc062723c751e8b465ee728b)
Start importing Assets/RacingScript.cs using Guid(01c06efbcad543c44b5902deb4c606d5) Importer(815301076,1909f56bfc062723c751e8b465ee728b)  -> (artifact id: '5b3e773149af4f053f67d511675a7bba') in 0.004137 seconds
  Import took 0.006823 seconds .

========================================================================
Received Prepare
Registering precompiled user dll's ...
Registered in 0.012124 seconds.
Begin MonoManager ReloadAssembly
Native extension for WindowsStandalone target not found
Refreshing native plugins compatible for Editor in 0.37 ms, found 2 plugins.
Preloading 0 native plugins for Editor in 0.00 ms.
Mono: successfully reloaded assembly
- Completed reload, in  1.055 seconds
Platform modules already initialized, skipping
Refreshing native plugins compatible for Editor in 0.33 ms, found 2 plugins.
Preloading 0 native plugins for Editor in 0.00 ms.
Unloading 1499 Unused Serialized files (Serialized files now loaded: 0)
System memory in use before: 67.4 MB.
System memory in use after: 67.5 MB.

Unloading 14 unused Assets to reduce memory usage. Loaded Objects now: 1951.
Total: 2.034400 ms (FindLiveObjects: 0.193400 ms CreateObjectMapping: 0.053600 ms MarkObjects: 1.771300 ms  DeleteObjects: 0.015300 ms)

========================================================================
Received Prepare
Registering precompiled user dll's ...
Registered in 0.011217 seconds.
Begin MonoManager ReloadAssembly
Native extension for WindowsStandalone target not found
Refreshing native plugins compatible for Editor in 0.36 ms, found 2 plugins.
Preloading 0 native plugins for Editor in 0.00 ms.
Mono: successfully reloaded assembly
- Completed reload, in  1.005 seconds
Platform modules already initialized, skipping
Refreshing native plugins compatible for Editor in 0.35 ms, found 2 plugins.
Preloading 0 native plugins for Editor in 0.00 ms.
Unloading 1499 Unused Serialized files (Serialized files now loaded: 0)
System memory in use before: 67.4 MB.
System memory in use after: 67.5 MB.

Unloading 14 unused Assets to reduce memory usage. Loaded Objects now: 1953.
Total: 2.315900 ms (FindLiveObjects: 0.233200 ms CreateObjectMapping: 0.056500 ms MarkObjects: 1.979600 ms  DeleteObjects: 0.045400 ms)

========================================================================
Received Import Request.
  Time since last request: 1333.625293 seconds.
  path: Assets/RacingScript.cs
  artifactKey: Guid(01c06efbcad543c44b5902deb4c606d5) Importer(815301076,1909f56bfc062723c751e8b465ee728b)
Start importing Assets/RacingScript.cs using Guid(01c06efbcad543c44b5902deb4c606d5) Importer(815301076,1909f56bfc062723c751e8b465ee728b)  -> (artifact id: '0cc2664384bae3aace50879398fa9588') in 0.004981 seconds
  Import took 0.007647 seconds .

========================================================================
Received Prepare
Registering precompiled user dll's ...
Registered in 0.010284 seconds.
Begin MonoManager ReloadAssembly
Native extension for WindowsStandalone target not found
Refreshing native plugins compatible for Editor in 0.33 ms, found 2 plugins.
Preloading 0 native plugins for Editor in 0.00 ms.
Mono: successfully reloaded assembly
- Completed reload, in  0.973 seconds
Platform modules already initialized, skipping
Refreshing native plugins compatible for Editor in 0.33 ms, found 2 plugins.
Preloading 0 native plugins for Editor in 0.00 ms.
Unloading 1498 Unused Serialized files (Serialized files now loaded: 0)
System memory in use before: 67.4 MB.
System memory in use after: 67.5 MB.

Unloading 15 unused Assets to reduce memory usage. Loaded Objects now: 1954.
Total: 1.902000 ms (FindLiveObjects: 0.202100 ms CreateObjectMapping: 0.041500 ms MarkObjects: 1.640600 ms  DeleteObjects: 0.016800 ms)

========================================================================
Received Prepare
Registering precompiled user dll's ...
Registered in 0.008803 seconds.
Begin MonoManager ReloadAssembly
Native extension for WindowsStandalone target not found
Refreshing native plugins compatible for Editor in 0.31 ms, found 2 plugins.
Preloading 0 native plugins for Editor in 0.00 ms.
Mono: successfully reloaded assembly
- Completed reload, in  0.962 seconds
Platform modules already initialized, skipping
Refreshing native plugins compatible for Editor in 0.32 ms, found 2 plugins.
Preloading 0 native plugins for Editor in 0.00 ms.
Unloading 1499 Unused Serialized files (Serialized files now loaded: 0)
System memory in use before: 67.4 MB.
System memory in use after: 67.6 MB.

Unloading 14 unused Assets to reduce memory usage. Loaded Objects now: 1957.
Total: 2.074600 ms (FindLiveObjects: 0.207100 ms CreateObjectMapping: 0.051900 ms MarkObjects: 1.798100 ms  DeleteObjects: 0.016600 ms)

========================================================================
Received Prepare
Registering precompiled user dll's ...
Registered in 0.009537 seconds.
Begin MonoManager ReloadAssembly
Native extension for WindowsStandalone target not found
Refreshing native plugins compatible for Editor in 0.30 ms, found 2 plugins.
Preloading 0 native plugins for Editor in 0.00 ms.
Mono: successfully reloaded assembly
- Completed reload, in  0.951 seconds
Platform modules already initialized, skipping
Refreshing native plugins compatible for Editor in 0.42 ms, found 2 plugins.
Preloading 0 native plugins for Editor in 0.00 ms.
Unloading 1499 Unused Serialized files (Serialized files now loaded: 0)
System memory in use before: 67.5 MB.
System memory in use after: 67.6 MB.

Unloading 14 unused Assets to reduce memory usage. Loaded Objects now: 1959.
Total: 2.160600 ms (FindLiveObjects: 0.282600 ms CreateObjectMapping: 0.053300 ms MarkObjects: 1.809000 ms  DeleteObjects: 0.014800 ms)

========================================================================
Received Import Request.
  Time since last request: 590.214237 seconds.
  path: Assets/RacingScript.cs
  artifactKey: Guid(01c06efbcad543c44b5902deb4c606d5) Importer(815301076,1909f56bfc062723c751e8b465ee728b)
Start importing Assets/RacingScript.cs using Guid(01c06efbcad543c44b5902deb4c606d5) Importer(815301076,1909f56bfc062723c751e8b465ee728b)  -> (artifact id: 'fc179143d93bad48ce0f998cd0ef8352') in 0.005349 seconds
  Import took 0.007931 seconds .

========================================================================
Received Prepare
Registering precompiled user dll's ...
Registered in 0.010143 seconds.
Begin MonoManager ReloadAssembly
Native extension for WindowsStandalone target not found
Refreshing native plugins compatible for Editor in 0.31 ms, found 2 plugins.
Preloading 0 native plugins for Editor in 0.00 ms.
Mono: successfully reloaded assembly
- Completed reload, in  0.901 seconds
Platform modules already initialized, skipping
Refreshing native plugins compatible for Editor in 0.35 ms, found 2 plugins.
Preloading 0 native plugins for Editor in 0.00 ms.
Unloading 1499 Unused Serialized files (Serialized files now loaded: 0)
System memory in use before: 67.5 MB.
System memory in use after: 67.6 MB.

Unloading 14 unused Assets to reduce memory usage. Loaded Objects now: 1961.
Total: 1.978400 ms (FindLiveObjects: 0.217100 ms CreateObjectMapping: 0.048800 ms MarkObjects: 1.694400 ms  DeleteObjects: 0.017100 ms)

========================================================================
Received Prepare
Registering precompiled user dll's ...
Registered in 0.009926 seconds.
Begin MonoManager ReloadAssembly
Native extension for WindowsStandalone target not found
Refreshing native plugins compatible for Editor in 0.32 ms, found 2 plugins.
Preloading 0 native plugins for Editor in 0.00 ms.
Mono: successfully reloaded assembly
- Completed reload, in  0.949 seconds
Platform modules already initialized, skipping
Refreshing native plugins compatible for Editor in 0.35 ms, found 2 plugins.
Preloading 0 native plugins for Editor in 0.00 ms.
Unloading 1499 Unused Serialized files (Serialized files now loaded: 0)
System memory in use before: 67.5 MB.
System memory in use after: 67.6 MB.

Unloading 14 unused Assets to reduce memory usage. Loaded Objects now: 1963.
Total: 2.086000 ms (FindLiveObjects: 0.163900 ms CreateObjectMapping: 0.064300 ms MarkObjects: 1.815400 ms  DeleteObjects: 0.040800 ms)

========================================================================
Received Import Request.
  Time since last request: 460.629971 seconds.
  path: Assets/RacingScript.cs
  artifactKey: Guid(01c06efbcad543c44b5902deb4c606d5) Importer(815301076,1909f56bfc062723c751e8b465ee728b)
Start importing Assets/RacingScript.cs using Guid(01c06efbcad543c44b5902deb4c606d5) Importer(815301076,1909f56bfc062723c751e8b465ee728b)  -> (artifact id: '0927944b513e97999ea23a8df2aa34f9') in 0.004687 seconds
  Import took 0.007000 seconds .

========================================================================
Received Prepare
Registering precompiled user dll's ...
Registered in 0.011158 seconds.
Begin MonoManager ReloadAssembly
Native extension for WindowsStandalone target not found
Refreshing native plugins compatible for Editor in 0.31 ms, found 2 plugins.
Preloading 0 native plugins for Editor in 0.00 ms.
Mono: successfully reloaded assembly
- Completed reload, in  0.880 seconds
Platform modules already initialized, skipping
Refreshing native plugins compatible for Editor in 0.34 ms, found 2 plugins.
Preloading 0 native plugins for Editor in 0.00 ms.
Unloading 1499 Unused Serialized files (Serialized files now loaded: 0)
System memory in use before: 67.5 MB.
System memory in use after: 67.6 MB.

Unloading 14 unused Assets to reduce memory usage. Loaded Objects now: 1965.
Total: 2.462800 ms (FindLiveObjects: 0.213600 ms CreateObjectMapping: 0.082600 ms MarkObjects: 2.112500 ms  DeleteObjects: 0.053000 ms)

========================================================================
Received Prepare
Registering precompiled user dll's ...
Registered in 0.009402 seconds.
Begin MonoManager ReloadAssembly
Native extension for WindowsStandalone target not found
Refreshing native plugins compatible for Editor in 0.31 ms, found 2 plugins.
Preloading 0 native plugins for Editor in 0.00 ms.
Mono: successfully reloaded assembly
- Completed reload, in  0.933 seconds
Platform modules already initialized, skipping
Refreshing native plugins compatible for Editor in 0.35 ms, found 2 plugins.
Preloading 0 native plugins for Editor in 0.00 ms.
Unloading 1499 Unused Serialized files (Serialized files now loaded: 0)
System memory in use before: 67.5 MB.
System memory in use after: 67.6 MB.

Unloading 14 unused Assets to reduce memory usage. Loaded Objects now: 1967.
Total: 1.937400 ms (FindLiveObjects: 0.264300 ms CreateObjectMapping: 0.048300 ms MarkObjects: 1.608100 ms  DeleteObjects: 0.015400 ms)

========================================================================
Received Import Request.
  Time since last request: 1410.017852 seconds.
  path: Assets/RacingScript.cs
  artifactKey: Guid(01c06efbcad543c44b5902deb4c606d5) Importer(815301076,1909f56bfc062723c751e8b465ee728b)
Start importing Assets/RacingScript.cs using Guid(01c06efbcad543c44b5902deb4c606d5) Importer(815301076,1909f56bfc062723c751e8b465ee728b)  -> (artifact id: '88e20cfd9e3cda8f76e189f574b7455c') in 0.005195 seconds
  Import took 0.007689 seconds .

========================================================================
Received Prepare
Registering precompiled user dll's ...
Registered in 0.011437 seconds.
Begin MonoManager ReloadAssembly
Native extension for WindowsStandalone target not found
Refreshing native plugins compatible for Editor in 0.32 ms, found 2 plugins.
Preloading 0 native plugins for Editor in 0.00 ms.
Mono: successfully reloaded assembly
- Completed reload, in  0.966 seconds
Platform modules already initialized, skipping
Refreshing native plugins compatible for Editor in 0.36 ms, found 2 plugins.
Preloading 0 native plugins for Editor in 0.00 ms.
Unloading 1499 Unused Serialized files (Serialized files now loaded: 0)
System memory in use before: 67.5 MB.
System memory in use after: 67.6 MB.

Unloading 14 unused Assets to reduce memory usage. Loaded Objects now: 1969.
Total: 2.127600 ms (FindLiveObjects: 0.253700 ms CreateObjectMapping: 0.072500 ms MarkObjects: 1.782700 ms  DeleteObjects: 0.017400 ms)

========================================================================
Received Import Request.
  Time since last request: 401.975824 seconds.
  path: Assets/XPSystem.cs
  artifactKey: Guid(86b080b0f863e49459954718cf241594) Importer(815301076,1909f56bfc062723c751e8b465ee728b)
Start importing Assets/XPSystem.cs using Guid(86b080b0f863e49459954718cf241594) Importer(815301076,1909f56bfc062723c751e8b465ee728b)  -> (artifact id: '3dd7c1f3cdccad0de5135bfbbdc1dc95') in 0.006509 seconds
  Import took 0.009834 seconds .

========================================================================
Received Prepare
Registering precompiled user dll's ...
Registered in 0.009647 seconds.
Begin MonoManager ReloadAssembly
Native extension for WindowsStandalone target not found
Refreshing native plugins compatible for Editor in 0.31 ms, found 2 plugins.
Preloading 0 native plugins for Editor in 0.00 ms.
Mono: successfully reloaded assembly
- Completed reload, in  0.963 seconds
Platform modules already initialized, skipping
Refreshing native plugins compatible for Editor in 0.32 ms, found 2 plugins.
Preloading 0 native plugins for Editor in 0.00 ms.
Unloading 1500 Unused Serialized files (Serialized files now loaded: 0)
System memory in use before: 67.5 MB.
System memory in use after: 67.6 MB.

Unloading 14 unused Assets to reduce memory usage. Loaded Objects now: 1972.
Total: 1.909600 ms (FindLiveObjects: 0.219600 ms CreateObjectMapping: 0.061100 ms MarkObjects: 1.584200 ms  DeleteObjects: 0.043500 ms)

========================================================================
Received Prepare
Registering precompiled user dll's ...
Registered in 0.011353 seconds.
Begin MonoManager ReloadAssembly
Native extension for WindowsStandalone target not found
Refreshing native plugins compatible for Editor in 0.32 ms, found 2 plugins.
Preloading 0 native plugins for Editor in 0.00 ms.
Mono: successfully reloaded assembly
- Completed reload, in  1.001 seconds
Platform modules already initialized, skipping
Refreshing native plugins compatible for Editor in 0.37 ms, found 2 plugins.
Preloading 0 native plugins for Editor in 0.00 ms.
Unloading 1500 Unused Serialized files (Serialized files now loaded: 0)
System memory in use before: 67.5 MB.
System memory in use after: 67.6 MB.

Unloading 14 unused Assets to reduce memory usage. Loaded Objects now: 1974.
Total: 2.163000 ms (FindLiveObjects: 0.261500 ms CreateObjectMapping: 0.108000 ms MarkObjects: 1.777100 ms  DeleteObjects: 0.015000 ms)

========================================================================
Received Import Request.
  Time since last request: 723.431858 seconds.
  path: Assets/XPSystem.cs
  artifactKey: Guid(86b080b0f863e49459954718cf241594) Importer(815301076,1909f56bfc062723c751e8b465ee728b)
Start importing Assets/XPSystem.cs using Guid(86b080b0f863e49459954718cf241594) Importer(815301076,1909f56bfc062723c751e8b465ee728b)  -> (artifact id: '2fa5949ef0694b4c0bb999101c1867c3') in 0.011683 seconds
  Import took 0.018275 seconds .

AssetImportWorkerClient::OnTransportError - code=2 error=End of file
